[0130/094429.181:ERROR:os_crypt_win.cc(93)] Failed to decrypt: Key not valid for use in specified state. (0x8009000B)
[0130/094430.782:ERROR:backend_impl.cc(1041)] Critical error found -8
[0130/094430.782:WARNING:storage_block-inl.h(146)] Failed data load.
[0130/094430.782:WARNING:storage_block-inl.h(146)] Failed data load.
[0130/094430.782:ERROR:entry_impl.cc(1075)] No file for c10302b2
[0130/094430.782:WARNING:storage_block-inl.h(146)] Failed data load.
[0130/094430.782:WARNING:storage_block-inl.h(146)] Failed data load.
[0130/094430.782:WARNING:storage_block-inl.h(146)] Failed data load.
[0130/094430.782:WARNING:storage_block-inl.h(146)] Failed data load.
[0130/094430.782:ERROR:entry_impl.cc(1075)] No file for c1030394
[0130/094430.782:WARNING:storage_block-inl.h(146)] Failed data load.
[0130/094430.782:WARNING:storage_block-inl.h(146)] Failed data load.
[0130/094430.782:WARNING:storage_block-inl.h(146)] Failed data load.
[0130/094430.782:WARNING:storage_block-inl.h(146)] Failed data load.
[0130/094430.782:ERROR:entry_impl.cc(1075)] No file for c103038e
[0130/094430.782:WARNING:storage_block-inl.h(146)] Failed data load.
[0130/094430.782:WARNING:storage_block-inl.h(146)] Failed data load.
[0130/094430.782:WARNING:storage_block-inl.h(146)] Failed data load.
[0130/094430.782:WARNING:storage_block-inl.h(146)] Failed data load.
[0130/094430.782:ERROR:entry_impl.cc(1075)] No file for c1030396
[0130/094430.782:WARNING:storage_block-inl.h(146)] Failed data load.
[0130/094430.782:WARNING:storage_block-inl.h(146)] Failed data load.
[0130/094430.782:WARNING:storage_block-inl.h(146)] Failed data load.
[0130/094430.782:WARNING:storage_block-inl.h(146)] Failed data load.
[0130/094430.782:ERROR:entry_impl.cc(1075)] No file for c1030392
[0130/094430.783:WARNING:storage_block-inl.h(146)] Failed data load.
[0130/094430.783:WARNING:storage_block-inl.h(146)] Failed data load.
[0130/094430.783:WARNING:storage_block-inl.h(146)] Failed data load.
[0130/094430.783:WARNING:storage_block-inl.h(146)] Failed data load.
[0130/094430.784:WARNING:storage_block-inl.h(146)] Failed data load.
[0130/094433.926:WARNING:value_store_frontend.cc(45)] Reading mhjfbmdgcfjbbpaeojofohoefgiehjai.alarms from  failed: IO error: .../MANIFEST-000001: Unable to create sequential file (ChromeMethodBFE: 7::NewSequentialFile::1)
